<?xml version="1.0" encoding="UTF-8" ?>
<testsuite tests="20" failures="0" name="cz.muni.fi.pv168.carmanager.backend.CarManagerImplTest" time="16.184" errors="0" skipped="0">
  <properties>
[...]
</properties>
  <testcase classname="cz.muni.fi.pv168.carmanager.backend.CarManagerImplTest" name="updateCar" time="2.907"/>
  <testcase classname="cz.muni.fi.pv168.carmanager.backend.CarManagerImplTest" name="createCarWithNullLicencePlate" time="0.082"/>
  <testcase classname="cz.muni.fi.pv168.carmanager.backend.CarManagerImplTest" name="deleteCarWhitNullCarId" time="0.082"/>
  <testcase classname="cz.muni.fi.pv168.carmanager.backend.CarManagerImplTest" name="deleteCarWhitNullCar" time="0.074"/>
  <testcase classname="cz.muni.fi.pv168.carmanager.backend.CarManagerImplTest" name="updateCarWhitNullCarID" time="0.072"/>
  <testcase classname="cz.muni.fi.pv168.carmanager.backend.CarManagerImplTest" name="createCarWithWrongLicencePlate" time="0.069"/>
  <testcase classname="cz.muni.fi.pv168.carmanager.backend.CarManagerImplTest" name="deleteCarWhitNullLicencePlate" time="0.085"/>
  <testcase classname="cz.muni.fi.pv168.carmanager.backend.CarManagerImplTest" name="createCarNull" time="0.07"/>
  <testcase classname="cz.muni.fi.pv168.carmanager.backend.CarManagerImplTest" name="getCarByIdWhitNullId" time="0.071"/>
  <testcase classname="cz.muni.fi.pv168.carmanager.backend.CarManagerImplTest" name="createCarWithExistingId" time="0.062"/>
  <testcase classname="cz.muni.fi.pv168.carmanager.backend.CarManagerImplTest" name="updateCarWhitWrongLicencePlate" time="0.073"/>
  <testcase classname="cz.muni.fi.pv168.carmanager.backend.CarManagerImplTest" name="updateCarWhitNullLicencePlate" time="0.071"/>
  <testcase classname="cz.muni.fi.pv168.carmanager.backend.CarManagerImplTest" name="deleteCar" time="0.154"/>
  <testcase classname="cz.muni.fi.pv168.carmanager.backend.CarManagerImplTest" name="deleteCarWhitNegativeId" time="11.515"/>
  <testcase classname="cz.muni.fi.pv168.carmanager.backend.CarManagerImplTest" name="getAllCars" time="0.179"/>
  <testcase classname="cz.muni.fi.pv168.carmanager.backend.CarManagerImplTest" name="getAllCarsByBrant" time="0.137"/>
  <testcase classname="cz.muni.fi.pv168.carmanager.backend.CarManagerImplTest" name="createCar" time="0.076"/>
  <testcase classname="cz.muni.fi.pv168.carmanager.backend.CarManagerImplTest" name="getCarById" time="0.074"/>
  <testcase classname="cz.muni.fi.pv168.carmanager.backend.CarManagerImplTest" name="updateCarWhitNullCar" time="0.057"/>
  <testcase classname="cz.muni.fi.pv168.carmanager.backend.CarManagerImplTest" name="deleteCarWhitWrongLicencePlate" time="0.058"/>
</testsuite>